<?xml version="1.0" encoding="UTF-8"?>
<!-- Generated by org.testng.reporters.JUnitReportReporter -->
<testsuite hostname="TYUDM" name="ua.rozetka.FirstTest" tests="2" failures="0" timestamp="19 Dec 2017 15:19:18 GMT" time="12.234" errors="0">
  <testcase name="SecondPage" time="4.568" classname="ua.rozetka.FirstTest"/>
  <testcase name="f" time="7.666" classname="ua.rozetka.FirstTest"/>
</testsuite> <!-- ua.rozetka.FirstTest -->
