<?xml version="1.0" encoding="UTF-8"?>
<!-- Generated by org.testng.reporters.JUnitReportReporter -->
<testsuite hostname="TYUDM" name="ua.rozetka.FirstTest" tests="2" failures="0" timestamp="8 Feb 2018 11:48:10 GMT" time="8.149" errors="0">
  <testcase name="SecondPage" time="2.728" classname="ua.rozetka.FirstTest"/>
  <testcase name="MainPage" time="5.421" classname="ua.rozetka.FirstTest"/>
</testsuite> <!-- ua.rozetka.FirstTest -->
