<?xml version="1.0" encoding="UTF-8"?>
<!-- Generated by org.testng.reporters.JUnitReportReporter -->
<testsuite skipped="0" hostname="TYUDM" name="ua.rozetka.FirstTest" tests="5" failures="0" timestamp="12 Apr 2018 11:03:32 GMT" time="14.204" errors="0">
  <testcase name="MainPage" time="5.046" classname="ua.rozetka.FirstTest"/>
  <testcase name="SecondPage" time="1.916" classname="ua.rozetka.FirstTest"/>
  <testcase name="TelephonePage" time="3.851" classname="ua.rozetka.FirstTest"/>
  <testcase name="SmartPhonePage" time="3.390" classname="ua.rozetka.FirstTest"/>
  <testcase name="SelectProductWithStock" time="0.001" classname="ua.rozetka.FirstTest"/>
</testsuite> <!-- ua.rozetka.FirstTest -->
