<?xml version="1.0" encoding="UTF-8"?>
<!-- Generated by org.testng.reporters.JUnitReportReporter -->
<testsuite hostname="TYUDM" name="ua.rozetka.FirstTest" tests="2" failures="2" timestamp="24 Nov 2017 08:31:53 GMT" time="0.004" errors="0">
  <testcase name="GoToLink" time="0.002" classname="ua.rozetka.FirstTest">
    <failure type="io.github.bonigarcia.wdm.WebDriverManagerException" message="Exception managing driver for [chromedriver]">
      <![CDATA[io.github.bonigarcia.wdm.WebDriverManagerException: Exception managing driver for [chromedriver]
	at io.github.bonigarcia.wdm.BrowserManager.manage(BrowserManager.java:288)
	at io.github.bonigarcia.wdm.BrowserManager.manage(BrowserManager.java:279)
	at io.github.bonigarcia.wdm.BrowserManager.setup(BrowserManager.java:839)
	at io.github.bonigarcia.wdm.BrowserManager.setup(BrowserManager.java:787)
	at ua.rozetka.FirstTest.setupClass(FirstTest.java:36)
	at sun.reflect.NativeMethodAccessorImpl.invoke0(Native Method)
	at sun.reflect.NativeMethodAccessorImpl.invoke(Unknown Source)
	at sun.reflect.DelegatingMethodAccessorImpl.invoke(Unknown Source)
	at java.lang.reflect.Method.invoke(Unknown Source)
	at org.testng.internal.MethodInvocationHelper.invokeMethod(MethodInvocationHelper.java:80)
	at org.testng.internal.Invoker.invokeConfigurationMethod(Invoker.java:564)
	at org.testng.internal.Invoker.invokeConfigurations(Invoker.java:213)
	at org.testng.internal.Invoker.invokeConfigurations(Invoker.java:138)
	at org.testng.internal.TestMethodWorker.invokeBeforeClassMethods(TestMethodWorker.java:175)
	at org.testng.internal.TestMethodWorker.run(TestMethodWorker.java:107)
	at java.util.concurrent.ThreadPoolExecutor.runWorker(Unknown Source)
	at java.util.concurrent.ThreadPoolExecutor$Worker.run(Unknown Source)
	at java.lang.Thread.run(Unknown Source)
Caused by: java.net.UnknownHostException: chromedriver.storage.googleapis.com
	at java.net.InetAddress.getAllByName0(Unknown Source)
	at java.net.InetAddress.getAllByName(Unknown Source)
	at java.net.InetAddress.getAllByName(Unknown Source)
	at org.apache.http.impl.conn.SystemDefaultDnsResolver.resolve(SystemDefaultDnsResolver.java:45)
	at org.apache.http.impl.conn.DefaultHttpClientConnectionOperator.connect(DefaultHttpClientConnectionOperator.java:112)
	at org.apache.http.impl.conn.PoolingHttpClientConnectionManager.connect(PoolingHttpClientConnectionManager.java:359)
	at org.apache.http.impl.execchain.MainClientExec.establishRoute(MainClientExec.java:381)
	at org.apache.http.impl.execchain.MainClientExec.execute(MainClientExec.java:237)
	at org.apache.http.impl.execchain.ProtocolExec.execute(ProtocolExec.java:185)
	at org.apache.http.impl.execchain.RetryExec.execute(RetryExec.java:89)
	at org.apache.http.impl.execchain.RedirectExec.execute(RedirectExec.java:111)
	at org.apache.http.impl.client.InternalHttpClient.doExecute(InternalHttpClient.java:185)
	at org.apache.http.impl.client.CloseableHttpClient.execute(CloseableHttpClient.java:83)
	at org.apache.http.impl.client.CloseableHttpClient.execute(CloseableHttpClient.java:108)
	at io.github.bonigarcia.wdm.WdmHttpClient.execute(WdmHttpClient.java:90)
	at io.github.bonigarcia.wdm.BrowserManager.getDriversFromXml(BrowserManager.java:684)
	at io.github.bonigarcia.wdm.ChromeDriverManager.getDrivers(ChromeDriverManager.java:46)
	at io.github.bonigarcia.wdm.BrowserManager.manage(BrowserManager.java:203)
	... 17 more
]]>
    </failure>
  </testcase> <!-- GoToLink -->
  <testcase name="f" time="0.002" classname="ua.rozetka.FirstTest">
    <failure type="io.github.bonigarcia.wdm.WebDriverManagerException" message="Exception managing driver for [chromedriver]">
      <![CDATA[io.github.bonigarcia.wdm.WebDriverManagerException: Exception managing driver for [chromedriver]
	at io.github.bonigarcia.wdm.BrowserManager.manage(BrowserManager.java:288)
	at io.github.bonigarcia.wdm.BrowserManager.manage(BrowserManager.java:279)
	at io.github.bonigarcia.wdm.BrowserManager.setup(BrowserManager.java:839)
	at io.github.bonigarcia.wdm.BrowserManager.setup(BrowserManager.java:787)
	at ua.rozetka.FirstTest.setupClass(FirstTest.java:36)
	at sun.reflect.NativeMethodAccessorImpl.invoke0(Native Method)
	at sun.reflect.NativeMethodAccessorImpl.invoke(Unknown Source)
	at sun.reflect.DelegatingMethodAccessorImpl.invoke(Unknown Source)
	at java.lang.reflect.Method.invoke(Unknown Source)
	at org.testng.internal.MethodInvocationHelper.invokeMethod(MethodInvocationHelper.java:80)
	at org.testng.internal.Invoker.invokeConfigurationMethod(Invoker.java:564)
	at org.testng.internal.Invoker.invokeConfigurations(Invoker.java:213)
	at org.testng.internal.Invoker.invokeConfigurations(Invoker.java:138)
	at org.testng.internal.TestMethodWorker.invokeBeforeClassMethods(TestMethodWorker.java:175)
	at org.testng.internal.TestMethodWorker.run(TestMethodWorker.java:107)
	at java.util.concurrent.ThreadPoolExecutor.runWorker(Unknown Source)
	at java.util.concurrent.ThreadPoolExecutor$Worker.run(Unknown Source)
	at java.lang.Thread.run(Unknown Source)
Caused by: java.net.UnknownHostException: chromedriver.storage.googleapis.com
	at java.net.InetAddress.getAllByName0(Unknown Source)
	at java.net.InetAddress.getAllByName(Unknown Source)
	at java.net.InetAddress.getAllByName(Unknown Source)
	at org.apache.http.impl.conn.SystemDefaultDnsResolver.resolve(SystemDefaultDnsResolver.java:45)
	at org.apache.http.impl.conn.DefaultHttpClientConnectionOperator.connect(DefaultHttpClientConnectionOperator.java:112)
	at org.apache.http.impl.conn.PoolingHttpClientConnectionManager.connect(PoolingHttpClientConnectionManager.java:359)
	at org.apache.http.impl.execchain.MainClientExec.establishRoute(MainClientExec.java:381)
	at org.apache.http.impl.execchain.MainClientExec.execute(MainClientExec.java:237)
	at org.apache.http.impl.execchain.ProtocolExec.execute(ProtocolExec.java:185)
	at org.apache.http.impl.execchain.RetryExec.execute(RetryExec.java:89)
	at org.apache.http.impl.execchain.RedirectExec.execute(RedirectExec.java:111)
	at org.apache.http.impl.client.InternalHttpClient.doExecute(InternalHttpClient.java:185)
	at org.apache.http.impl.client.CloseableHttpClient.execute(CloseableHttpClient.java:83)
	at org.apache.http.impl.client.CloseableHttpClient.execute(CloseableHttpClient.java:108)
	at io.github.bonigarcia.wdm.WdmHttpClient.execute(WdmHttpClient.java:90)
	at io.github.bonigarcia.wdm.BrowserManager.getDriversFromXml(BrowserManager.java:684)
	at io.github.bonigarcia.wdm.ChromeDriverManager.getDrivers(ChromeDriverManager.java:46)
	at io.github.bonigarcia.wdm.BrowserManager.manage(BrowserManager.java:203)
	... 17 more
]]>
    </failure>
  </testcase> <!-- f -->
</testsuite> <!-- ua.rozetka.FirstTest -->
