<?xml version="1.0" encoding="UTF-8"?>
<!-- Generated by org.testng.reporters.JUnitReportReporter -->
<testsuite hostname="TYUDM" name="ua.rozetka.FirstTest" tests="4" failures="0" timestamp="12 Feb 2018 14:57:01 GMT" time="16.535" errors="0">
  <testcase name="SmartPhonePage" time="4.124" classname="ua.rozetka.FirstTest"/>
  <testcase name="TelephonePage" time="4.037" classname="ua.rozetka.FirstTest"/>
  <testcase name="SecondPage" time="2.528" classname="ua.rozetka.FirstTest"/>
  <testcase name="MainPage" time="5.846" classname="ua.rozetka.FirstTest"/>
</testsuite> <!-- ua.rozetka.FirstTest -->
