<?xml version="1.0" encoding="UTF-8"?>
<!-- Generated by org.testng.reporters.JUnitReportReporter -->
<testsuite hostname="TYUDM" name="ua.rozetka.FirstTest" tests="2" failures="0" timestamp="27 Nov 2017 15:28:18 GMT" time="2.084" errors="0">
  <testcase name="f" time="2.082" classname="ua.rozetka.FirstTest"/>
  <testcase name="SecondPAge" time="0.002" classname="ua.rozetka.FirstTest"/>
</testsuite> <!-- ua.rozetka.FirstTest -->
