<?xml version="1.0" encoding="UTF-8"?>
<!-- Generated by org.testng.reporters.JUnitReportReporter -->
<testsuite skipped="0" hostname="TYUDM" name="ua.rozetka.FirstTest" tests="5" failures="0" timestamp="19 Apr 2018 12:05:18 GMT" time="25.526" errors="0">
  <testcase name="MainPage" time="8.562" classname="ua.rozetka.FirstTest"/>
  <testcase name="SecondPage" time="2.989" classname="ua.rozetka.FirstTest"/>
  <testcase name="TelephonePage" time="3.080" classname="ua.rozetka.FirstTest"/>
  <testcase name="SmartPhonePage" time="5.276" classname="ua.rozetka.FirstTest"/>
  <testcase name="SelectProductWithStock" time="5.619" classname="ua.rozetka.FirstTest"/>
</testsuite> <!-- ua.rozetka.FirstTest -->
