<?xml version="1.0" encoding="UTF-8"?>
<!-- Generated by org.testng.reporters.JUnitReportReporter -->
<testsuite hostname="TYUDM" name="ua.rozetka.FirstTest" tests="2" failures="0" timestamp="18 Dec 2017 15:20:19 GMT" time="11.613" errors="0">
  <testcase name="f" time="4.115" classname="ua.rozetka.FirstTest"/>
  <testcase name="SecondPage" time="7.498" classname="ua.rozetka.FirstTest"/>
</testsuite> <!-- ua.rozetka.FirstTest -->
